<?xml version="1.0" encoding="UTF-8"?>
<testsuite xmlns:xsi="http://www.w3.org/2001/XMLSchema-instance" xsi:noNamespaceSchemaLocation="https://maven.apache.org/surefire/maven-surefire-plugin/xsd/surefire-test-report.xsd" version="3.0.2" name="com.duoc.api_gateway.ApiGatewayApplicationTests" time="9.347" tests="1" errors="0" skipped="0" failures="0">
  <properties>
[...]
</properties>
  <testcase name="registraLasRutasDeServiciosYDocumentacion" classname="com.duoc.api_gateway.ApiGatewayApplicationTests" time="1.186">
    <system-out><![CDATA[11:04:55.614 [main] INFO org.springframework.test.context.support.AnnotationConfigContextLoaderUtils -- Could not detect default configuration classes for test class [com.duoc.api_gateway.ApiGatewayApplicationTests]: ApiGatewayApplicationTests does not declare any static, non-private, non-final, nested classes annotated with @Configuration.
11:04:55.891 [main] INFO org.springframework.boot.test.context.SpringBootTestContextBootstrapper -- Found @SpringBootConfiguration com.duoc.api_gateway.ApiGatewayApplication for test class com.duoc.api_gateway.ApiGatewayApplicationTests

  .   ____          _            __ _ _
 /\\ / ___'_ __ _ _(_)_ __  __ _ \ \ \ \
( ( )\___ | '_ | '_| | '_ \/ _` | \ \ \ \
 \\/  ___)| |_)| | | | | || (_| |  ) ) ) )
  '  |____| .__|_| |_|_| |_\__, | / / / /
 =========|_|==============|___/=/_/_/_/

 :: Spring Boot ::                (v3.4.5)

2026-06-21T11:04:57.472-04:00  INFO 16092 --- [api-gateway] [           main] c.d.a.ApiGatewayApplicationTests         : Starting ApiGatewayApplicationTests using Java 25.0.3 with PID 16092 (started by benja in C:\Users\benja\Desktop\proyecto-ev3\api-gateway)
2026-06-21T11:04:57.475-04:00  INFO 16092 --- [api-gateway] [           main] c.d.a.ApiGatewayApplicationTests         : The following 1 profile is active: "test"
2026-06-21T11:04:59.402-04:00  INFO 16092 --- [api-gateway] [           main] o.s.cloud.context.scope.GenericScope     : BeanFactory id=5f3cea86-9014-31df-8023-10128c68da14
2026-06-21T11:05:01.290-04:00  INFO 16092 --- [api-gateway] [           main] o.s.c.g.r.RouteDefinitionRouteLocator    : Loaded RoutePredicateFactory [After]
2026-06-21T11:05:01.291-04:00  INFO 16092 --- [api-gateway] [           main] o.s.c.g.r.RouteDefinitionRouteLocator    : Loaded RoutePredicateFactory [Before]
2026-06-21T11:05:01.291-04:00  INFO 16092 --- [api-gateway] [           main] o.s.c.g.r.RouteDefinitionRouteLocator    : Loaded RoutePredicateFactory [Between]
2026-06-21T11:05:01.291-04:00  INFO 16092 --- [api-gateway] [           main] o.s.c.g.r.RouteDefinitionRouteLocator    : Loaded RoutePredicateFactory [Cookie]
2026-06-21T11:05:01.292-04:00  INFO 16092 --- [api-gateway] [           main] o.s.c.g.r.RouteDefinitionRouteLocator    : Loaded RoutePredicateFactory [Header]
2026-06-21T11:05:01.292-04:00  INFO 16092 --- [api-gateway] [           main] o.s.c.g.r.RouteDefinitionRouteLocator    : Loaded RoutePredicateFactory [Host]
2026-06-21T11:05:01.292-04:00  INFO 16092 --- [api-gateway] [           main] o.s.c.g.r.RouteDefinitionRouteLocator    : Loaded RoutePredicateFactory [Method]
2026-06-21T11:05:01.292-04:00  INFO 16092 --- [api-gateway] [           main] o.s.c.g.r.RouteDefinitionRouteLocator    : Loaded RoutePredicateFactory [Path]
2026-06-21T11:05:01.293-04:00  INFO 16092 --- [api-gateway] [           main] o.s.c.g.r.RouteDefinitionRouteLocator    : Loaded RoutePredicateFactory [Query]
2026-06-21T11:05:01.293-04:00  INFO 16092 --- [api-gateway] [           main] o.s.c.g.r.RouteDefinitionRouteLocator    : Loaded RoutePredicateFactory [ReadBody]
2026-06-21T11:05:01.293-04:00  INFO 16092 --- [api-gateway] [           main] o.s.c.g.r.RouteDefinitionRouteLocator    : Loaded RoutePredicateFactory [RemoteAddr]
2026-06-21T11:05:01.293-04:00  INFO 16092 --- [api-gateway] [           main] o.s.c.g.r.RouteDefinitionRouteLocator    : Loaded RoutePredicateFactory [XForwardedRemoteAddr]
2026-06-21T11:05:01.294-04:00  INFO 16092 --- [api-gateway] [           main] o.s.c.g.r.RouteDefinitionRouteLocator    : Loaded RoutePredicateFactory [Weight]
2026-06-21T11:05:01.294-04:00  INFO 16092 --- [api-gateway] [           main] o.s.c.g.r.RouteDefinitionRouteLocator    : Loaded RoutePredicateFactory [CloudFoundryRouteService]
2026-06-21T11:05:01.635-04:00  INFO 16092 --- [api-gateway] [           main] o.s.b.a.e.web.EndpointLinksResolver      : Exposing 1 endpoint beneath base path '/actuator'
2026-06-21T11:05:02.131-04:00  INFO 16092 --- [api-gateway] [           main] DiscoveryClientOptionalArgsConfiguration : Eureka HTTP Client uses RestTemplate.
2026-06-21T11:05:02.220-04:00  WARN 16092 --- [api-gateway] [           main] iguration$LoadBalancerCaffeineWarnLogger : Spring Cloud LoadBalancer is currently working with the default cache. While this cache implementation is useful for development and tests, it's recommended to use Caffeine cache in production.You can switch to using Caffeine cache, by adding it and org.springframework.cache.caffeine.CaffeineCacheManager to the classpath.
2026-06-21T11:05:03.145-04:00  INFO 16092 --- [api-gateway] [           main] o.s.b.web.embedded.netty.NettyWebServer  : Netty started on port 51986 (http)
2026-06-21T11:05:03.444-04:00  INFO 16092 --- [api-gateway] [           main] c.d.a.ApiGatewayApplicationTests         : Started ApiGatewayApplicationTests in 6.898 seconds (process running for 13.269)
]]></system-out>
  </testcase>
</testsuite>